0 info it worked if it ends with ok
1 verbose cli [ 'node',
1 verbose cli   '/usr/local/bin/npm',
1 verbose cli   'install',
1 verbose cli   'jquery:test.js',
1 verbose cli   'backbone',
1 verbose cli   'underscore' ]
2 info using npm@1.1.48
3 info using node@v0.8.1
4 verbose node symlink /usr/local/bin/node
5 verbose config file /Users/JackFranklin/.npmrc
6 verbose config file /usr/local/etc/npmrc
7 verbose config file /usr/local/lib/node_modules/npm/npmrc
8 verbose read json /Users/JackFranklin/Dropbox/Sites/nodefetch/package.json
9 verbose read json /Users/JackFranklin/Dropbox/Sites/nodefetch/node_modules/request/package.json
10 verbose read json /Users/JackFranklin/Dropbox/Sites/nodefetch/node_modules/shelljs/package.json
11 verbose from cache /Users/JackFranklin/Dropbox/Sites/nodefetch/package.json
12 verbose readDependencies using package.json deps
13 verbose cache add [ 'jquery:test.js', null ]
14 silly cache add name=undefined spec="jquery:test.js" args=["jquery:test.js",null]
15 verbose parsed url { protocol: 'jquery:',
15 verbose parsed url   host: 'test.js',
15 verbose parsed url   hostname: 'test.js',
15 verbose parsed url   href: 'jquery:test.js' }
16 verbose cache add [ 'backbone', null ]
17 silly cache add name=undefined spec="backbone" args=["backbone",null]
18 verbose parsed url { pathname: 'backbone', path: 'backbone', href: 'backbone' }
19 verbose cache add [ 'underscore', null ]
20 silly cache add name=undefined spec="underscore" args=["underscore",null]
21 verbose parsed url { pathname: 'underscore',
21 verbose parsed url   path: 'underscore',
21 verbose parsed url   href: 'underscore' }
22 silly lockFile 0d0eedb0-jquery-test-js jquery:test.js
23 verbose lock jquery:test.js /Users/JackFranklin/.npm/0d0eedb0-jquery-test-js.lock
24 silly lockFile 4da38e79-backbone backbone
25 verbose lock backbone /Users/JackFranklin/.npm/4da38e79-backbone.lock
26 silly lockFile 64bc6893-underscore underscore
27 verbose lock underscore /Users/JackFranklin/.npm/64bc6893-underscore.lock
28 silly lockFile 0d0eedb0-jquery-test-js jquery:test.js
29 silly lockFile 4da38e79-backbone backbone
30 silly lockFile 64bc6893-underscore underscore
31 verbose addNamed [ 'jquery:test.js', '' ]
32 verbose addNamed [ null, '' ]
33 silly lockFile e537a40c-jquery-test-js jquery:test.js@
34 verbose lock jquery:test.js@ /Users/JackFranklin/.npm/e537a40c-jquery-test-js.lock
35 verbose addNamed [ 'backbone', '' ]
36 verbose addNamed [ null, '' ]
37 silly lockFile e1fd1579-backbone backbone@
38 verbose lock backbone@ /Users/JackFranklin/.npm/e1fd1579-backbone.lock
39 verbose addNamed [ 'underscore', '' ]
40 verbose addNamed [ null, '' ]
41 silly lockFile 7629b758-underscore underscore@
42 verbose lock underscore@ /Users/JackFranklin/.npm/7629b758-underscore.lock
43 silly addNameRange { name: 'jquery:test.js', range: '', hasData: false }
44 silly addNameRange { name: 'backbone', range: '', hasData: false }
45 silly addNameRange { name: 'underscore', range: '', hasData: false }
46 verbose url raw jquery:test.js
47 verbose url resolving [ 'https://registry.npmjs.org/', './jquery%3Atest.js' ]
48 verbose url resolved https://registry.npmjs.org/jquery%3Atest.js
49 info retry registry request attempt 1 at 20:52:13
50 http GET https://registry.npmjs.org/jquery%3Atest.js
51 verbose url raw backbone
52 verbose url resolving [ 'https://registry.npmjs.org/', './backbone' ]
53 verbose url resolved https://registry.npmjs.org/backbone
54 info retry registry request attempt 1 at 20:52:13
55 http GET https://registry.npmjs.org/backbone
56 verbose url raw underscore
57 verbose url resolving [ 'https://registry.npmjs.org/', './underscore' ]
58 verbose url resolved https://registry.npmjs.org/underscore
59 info retry registry request attempt 1 at 20:52:13
60 verbose etag "BYBW4JRYI3NLXGOKRYR35NFD9"
61 http GET https://registry.npmjs.org/underscore
62 http 404 https://registry.npmjs.org/jquery%3Atest.js
63 silly registry.get cb [ 404,
63 silly registry.get   { server: 'CouchDB/1.2.0 (Erlang OTP/R15B)',
63 silly registry.get     date: 'Wed, 15 Aug 2012 19:52:15 GMT',
63 silly registry.get     'content-type': 'application/json',
63 silly registry.get     'content-length': '52',
63 silly registry.get     'cache-control': 'must-revalidate' } ]
64 silly lockFile e537a40c-jquery-test-js jquery:test.js@
65 error 404 'jquery%3Atest.js' is not in the npm registry.
65 error 404 You should bug the author to publish it
65 error 404
65 error 404 Maybe try 'npm search jquery 3 test'
65 error 404
65 error 404 Note that you can also install from a
65 error 404 tarball, folder, or http url, or git url.
66 error System Darwin 11.4.0
67 error command "node" "/usr/local/bin/npm" "install" "jquery:test.js" "backbone" "underscore"
68 error cwd /Users/JackFranklin/Dropbox/Sites/nodefetch
69 error node -v v0.8.1
70 error npm -v 1.1.48
71 error code E404
72 verbose exit [ 1, true ]
